c:\lesson\tsumiengine\project\directxgame\x64\debug\enemybullet.obj
c:\lesson\tsumiengine\project\directxgame\x64\debug\skydome.obj
c:\lesson\tsumiengine\project\directxgame\x64\debug\node.obj
c:\lesson\tsumiengine\project\directxgame\x64\debug\skeleton.obj
c:\lesson\tsumiengine\project\directxgame\x64\debug\vertexinfluence.obj
c:\lesson\tsumiengine\project\directxgame\x64\debug\keyframeanimation.obj
c:\lesson\tsumiengine\project\directxgame\x64\debug\matheasing.obj
c:\lesson\tsumiengine\project\directxgame\x64\debug\modelmanager.obj
c:\lesson\tsumiengine\project\directxgame\x64\debug\linepipeline.obj
c:\lesson\tsumiengine\project\directxgame\x64\debug\boxfilterpipeline.obj
c:\lesson\tsumiengine\project\directxgame\x64\debug\boxfiltereffect.obj
c:\lesson\tsumiengine\project\directxgame\x64\debug\posteffect.obj
c:\lesson\tsumiengine\project\directxgame\x64\debug\timer.obj
c:\lesson\tsumiengine\project\directxgame\x64\debug\enemymanager.obj
c:\lesson\tsumiengine\project\directxgame\x64\debug\resultscene.obj
c:\lesson\tsumiengine\project\directxgame\x64\debug\iscollision.obj
c:\lesson\tsumiengine\project\directxgame\x64\debug\input.obj
c:\lesson\tsumiengine\project\directxgame\x64\debug\modelobjstate.obj
c:\lesson\tsumiengine\project\directxgame\x64\debug\lightpipeline.obj
c:\lesson\tsumiengine\project\directxgame\x64\debug\absentpipeline.obj
c:\lesson\tsumiengine\project\directxgame\x64\debug\vignettingpipeline.obj
c:\lesson\tsumiengine\project\directxgame\x64\debug\sepiatoneeffect.obj
c:\lesson\tsumiengine\project\directxgame\x64\debug\textlog.obj
c:\lesson\tsumiengine\project\directxgame\x64\debug\rtvmanager.obj
c:\lesson\tsumiengine\project\directxgame\x64\debug\playerbullet.obj
c:\lesson\tsumiengine\project\directxgame\x64\debug\floor.obj
c:\lesson\tsumiengine\project\directxgame\x64\debug\animationmanager.obj
c:\lesson\tsumiengine\project\directxgame\x64\debug\drawsystem.obj
c:\lesson\tsumiengine\project\directxgame\x64\debug\objdataresource.obj
c:\lesson\tsumiengine\project\directxgame\x64\debug\lambertpipeline.obj
c:\lesson\tsumiengine\project\directxgame\x64\debug\pipelinemanager.obj
c:\lesson\tsumiengine\project\directxgame\x64\debug\absenteffect.obj
c:\lesson\tsumiengine\project\directxgame\x64\debug\vignettingeffect.obj
c:\lesson\tsumiengine\project\directxgame\x64\debug\imgui.obj
c:\lesson\tsumiengine\project\directxgame\x64\debug\main.obj
c:\lesson\tsumiengine\project\directxgame\x64\debug\cameramanager.obj
c:\lesson\tsumiengine\project\directxgame\x64\debug\testhuman.obj
c:\lesson\tsumiengine\project\directxgame\x64\debug\directxcommon.obj
c:\lesson\tsumiengine\project\directxgame\x64\debug\filemanager.obj
c:\lesson\tsumiengine\project\directxgame\x64\debug\particlearray.obj
c:\lesson\tsumiengine\project\directxgame\x64\debug\object3dpipeline.obj
c:\lesson\tsumiengine\project\directxgame\x64\debug\grainpipeline.obj
c:\lesson\tsumiengine\project\directxgame\x64\debug\gaussianfiltereffect.obj
c:\lesson\tsumiengine\project\directxgame\x64\debug\texturemanager.obj
c:\lesson\tsumiengine\project\directxgame\x64\debug\imgui_impl_win32.obj
c:\lesson\tsumiengine\project\directxgame\x64\debug\ienemyapproachstate.obj
c:\lesson\tsumiengine\project\directxgame\x64\debug\building1.obj
c:\lesson\tsumiengine\project\directxgame\x64\debug\winapp.obj
c:\lesson\tsumiengine\project\directxgame\x64\debug\createresource.obj
c:\lesson\tsumiengine\project\directxgame\x64\debug\model.obj
c:\lesson\tsumiengine\project\directxgame\x64\debug\particlesystem.obj
c:\lesson\tsumiengine\project\directxgame\x64\debug\gaussianfilterpipeline.obj
c:\lesson\tsumiengine\project\directxgame\x64\debug\dissolveeffect.obj
c:\lesson\tsumiengine\project\directxgame\x64\debug\sprite.obj
c:\lesson\tsumiengine\project\directxgame\x64\debug\imgui_tables.obj
c:\lesson\tsumiengine\project\directxgame\x64\debug\camera.obj
c:\lesson\tsumiengine\project\directxgame\x64\debug\testanimationcube.obj
c:\lesson\tsumiengine\project\directxgame\x64\debug\testjsonobject.obj
c:\lesson\tsumiengine\project\directxgame\x64\debug\audiodataresource.obj
c:\lesson\tsumiengine\project\directxgame\x64\debug\configmanager.obj
c:\lesson\tsumiengine\project\directxgame\x64\debug\igltfstate.obj
c:\lesson\tsumiengine\project\directxgame\x64\debug\particlepipeline.obj
c:\lesson\tsumiengine\project\directxgame\x64\debug\grayscalepipeline.obj
c:\lesson\tsumiengine\project\directxgame\x64\debug\graineffect.obj
c:\lesson\tsumiengine\project\directxgame\x64\debug\transform.obj
c:\lesson\tsumiengine\project\directxgame\x64\debug\imgui_demo.obj
c:\lesson\tsumiengine\project\directxgame\x64\debug\imgui_impl_dx12.obj
c:\lesson\tsumiengine\project\directxgame\x64\debug\testposteffect.obj
c:\lesson\tsumiengine\project\directxgame\x64\debug\debugscene.obj
c:\lesson\tsumiengine\project\directxgame\x64\debug\geometrycollision.obj
c:\lesson\tsumiengine\project\directxgame\x64\debug\jsonmanager.obj
c:\lesson\tsumiengine\project\directxgame\x64\debug\particlemanager.obj
c:\lesson\tsumiengine\project\directxgame\x64\debug\skinningobject3dpipeline.obj
c:\lesson\tsumiengine\project\directxgame\x64\debug\radialblurpipeline.obj
c:\lesson\tsumiengine\project\directxgame\x64\debug\luminanceoutlineeffect.obj
c:\lesson\tsumiengine\project\directxgame\x64\debug\enumutilities.obj
c:\lesson\tsumiengine\project\directxgame\x64\debug\fademanager.obj
c:\lesson\tsumiengine\project\directxgame\x64\debug\enemy.obj
c:\lesson\tsumiengine\project\directxgame\x64\debug\gamescene.obj
c:\lesson\tsumiengine\project\directxgame\x64\debug\collisionmanager.obj
c:\lesson\tsumiengine\project\directxgame\x64\debug\mathfunction.obj
c:\lesson\tsumiengine\project\directxgame\x64\debug\iobjstate.obj
c:\lesson\tsumiengine\project\directxgame\x64\debug\phongpipeline.obj
c:\lesson\tsumiengine\project\directxgame\x64\debug\outlinepipeline.obj
c:\lesson\tsumiengine\project\directxgame\x64\debug\hsveffect.obj
c:\lesson\tsumiengine\project\directxgame\x64\debug\tsumi.obj
c:\lesson\tsumiengine\project\directxgame\x64\debug\ienemyspawnstate.obj
c:\lesson\tsumiengine\project\directxgame\x64\debug\skybox.obj
c:\lesson\tsumiengine\project\directxgame\x64\debug\animationdataarray.obj
c:\lesson\tsumiengine\project\directxgame\x64\debug\spherecollisiondetector.obj
c:\lesson\tsumiengine\project\directxgame\x64\debug\mathquaternion.obj
c:\lesson\tsumiengine\project\directxgame\x64\debug\matrix.obj
c:\lesson\tsumiengine\project\directxgame\x64\debug\vector.obj
c:\lesson\tsumiengine\project\directxgame\x64\debug\parlinnoise.obj
c:\lesson\tsumiengine\project\directxgame\x64\debug\baseparticle.obj
c:\lesson\tsumiengine\project\directxgame\x64\debug\normalpipeline.obj
c:\lesson\tsumiengine\project\directxgame\x64\debug\colorgradingpipeline.obj
c:\lesson\tsumiengine\project\directxgame\x64\debug\dissolvepipeline.obj
c:\lesson\tsumiengine\project\directxgame\x64\debug\colorgradingeffect.obj
c:\lesson\tsumiengine\project\directxgame\x64\debug\shadermanager.obj
c:\lesson\tsumiengine\project\directxgame\x64\debug\timedcall.obj
c:\lesson\tsumiengine\project\directxgame\x64\debug\cameraresource.obj
c:\lesson\tsumiengine\project\directxgame\x64\debug\testbaseobject.obj
c:\lesson\tsumiengine\project\directxgame\x64\debug\titlescene.obj
c:\lesson\tsumiengine\project\directxgame\x64\debug\gamemanager.obj
c:\lesson\tsumiengine\project\directxgame\x64\debug\particleemitter.obj
c:\lesson\tsumiengine\project\directxgame\x64\debug\phongnormalmappipeline.obj
c:\lesson\tsumiengine\project\directxgame\x64\debug\hsvpipeline.obj
c:\lesson\tsumiengine\project\directxgame\x64\debug\grayscaleeffect.obj
c:\lesson\tsumiengine\project\directxgame\x64\debug\worldtransform.obj
c:\lesson\tsumiengine\project\directxgame\x64\debug\srvmanager.obj
c:\lesson\tsumiengine\project\directxgame\x64\debug\ienemydeathstate.obj
c:\lesson\tsumiengine\project\directxgame\x64\debug\ground.obj
c:\lesson\tsumiengine\project\directxgame\x64\debug\jointweightdata.obj
c:\lesson\tsumiengine\project\directxgame\x64\debug\joint.obj
c:\lesson\tsumiengine\project\directxgame\x64\debug\quaterniontransform.obj
c:\lesson\tsumiengine\project\directxgame\x64\debug\skincluster.obj
c:\lesson\tsumiengine\project\directxgame\x64\debug\vertexweightdata.obj
c:\lesson\tsumiengine\project\directxgame\x64\debug\wellforgpu.obj
c:\lesson\tsumiengine\project\directxgame\x64\debug\audio.obj
c:\lesson\tsumiengine\project\directxgame\x64\debug\commandmanager.obj
c:\lesson\tsumiengine\project\directxgame\x64\debug\modelfileloader.obj
c:\lesson\tsumiengine\project\directxgame\x64\debug\particlerenderer.obj
c:\lesson\tsumiengine\project\directxgame\x64\debug\spritepipeline.obj
c:\lesson\tsumiengine\project\directxgame\x64\debug\sepiatonepipeline.obj
c:\lesson\tsumiengine\project\directxgame\x64\debug\randomeffect.obj
c:\lesson\tsumiengine\project\directxgame\x64\debug\imgui_draw.obj
c:\lesson\tsumiengine\project\directxgame\x64\debug\imgui_widgets.obj
c:\lesson\tsumiengine\project\directxgame\x64\debug\player.obj
c:\lesson\tsumiengine\project\directxgame\x64\debug\wall.obj
c:\lesson\tsumiengine\project\directxgame\x64\debug\collisiondetector.obj
c:\lesson\tsumiengine\project\directxgame\x64\debug\descriptormanager.obj
c:\lesson\tsumiengine\project\directxgame\x64\debug\modelgltfstate.obj
c:\lesson\tsumiengine\project\directxgame\x64\debug\ipipelinestate.obj
c:\lesson\tsumiengine\project\directxgame\x64\debug\skyboxpipeline.obj
c:\lesson\tsumiengine\project\directxgame\x64\debug\randompipeline.obj
c:\lesson\tsumiengine\project\directxgame\x64\debug\radialblureffect.obj
c:\lesson\tsumiengine\project\directxgame\x64\debug\imguimanager.obj
c:\lesson\tsumiengine\project\directxgame\x64\debug\vc143.idb
c:\lesson\tsumiengine\project\directxgame\x64\debug\vc143.pdb
c:\lesson\tsumiengine\project\directxgame\x64\debug\directxgame.tlog\cl.21004.write.1.tlog
c:\lesson\tsumiengine\project\directxgame\x64\debug\directxgame.tlog\cl.command.1.tlog
c:\lesson\tsumiengine\project\directxgame\x64\debug\directxgame.tlog\cl.read.1.tlog
